<?xml version="1.0" encoding="UTF-8"?>
<!-- Generated by org.testng.reporters.JUnitXMLReporter -->
<testsuite hostname="Prasannas-MacBook-Pro.local" name="MoreTest" tests="6" failures="1" timestamp="16 Jun 2016 10:40:37 GMT" time="1001.199" errors="0">
  <testcase name="testMoreScreen" time="108.477" classname="com.test.scripts.MoreTest"/>
  <testcase name="testShortListPage" time="102.568" classname="com.test.scripts.MoreTest">
    <failure type="java.lang.AssertionError" message="The business names under shortlist is not displayed expected [true] but found [false]">
      <![CDATA[java.lang.AssertionError: The business names under shortlist is not displayed expected [true] but found [false]
	at com.test.scripts.MoreTest.testShortListPage(MoreTest.java:121)
... Removed 27 stack frames]]>
    </failure>
  </testcase> <!-- testShortListPage -->
  <testcase name="testListMyBuisnessPage" time="90.516" classname="com.test.scripts.MoreTest"/>
  <testcase name="testNotificationPage" time="104.866" classname="com.test.scripts.MoreTest"/>
  <testcase name="testNotiResponsePage" time="94.141" classname="com.test.scripts.MoreTest"/>
  <testcase name="testRemoveMyShortlist" time="175.681" classname="com.test.scripts.MoreTest"/>
</testsuite> <!-- MoreTest -->
