<?xml version="1.0" encoding="UTF-8"?>
<!-- Generated by org.testng.reporters.JUnitXMLReporter -->
<testsuite hostname="Prasannas-MacBook-Pro.local" name="UpdateAccountTest" tests="6" failures="3" timestamp="16 Jun 2016 10:23:56 GMT" time="1011.563" errors="0">
  <testcase name="testUpdateMyAccountPage" time="107.311" classname="com.test.scripts.UpdateAccountTest">
    <failure type="java.lang.AssertionError" message="Change password button is not displayed expected [true] but found [false]">
      <![CDATA[java.lang.AssertionError: Change password button is not displayed expected [true] but found [false]
	at com.test.scripts.UpdateAccountTest.testUpdateMyAccountPage(UpdateAccountTest.java:54)
... Removed 27 stack frames]]>
    </failure>
  </testcase> <!-- testUpdateMyAccountPage -->
  <testcase name="testChangePwdScreen" time="96.034" classname="com.test.scripts.UpdateAccountTest">
    <failure type="java.lang.AssertionError" message="Change password button is not displayed expected [true] but found [false]">
      <![CDATA[java.lang.AssertionError: Change password button is not displayed expected [true] but found [false]
	at com.test.scripts.UpdateAccountTest.testChangePwdScreen(UpdateAccountTest.java:87)
... Removed 27 stack frames]]>
    </failure>
  </testcase> <!-- testChangePwdScreen -->
  <testcase name="testChangingPwd" time="95.348" classname="com.test.scripts.UpdateAccountTest">
    <failure type="java.lang.AssertionError" message="Change password button is not displayed expected [true] but found [false]">
      <![CDATA[java.lang.AssertionError: Change password button is not displayed expected [true] but found [false]
	at com.test.scripts.UpdateAccountTest.testChangingPwd(UpdateAccountTest.java:127)
... Removed 27 stack frames]]>
    </failure>
  </testcase> <!-- testChangingPwd -->
  <testcase name="testChangeMobNum" time="143.389" classname="com.test.scripts.UpdateAccountTest"/>
  <testcase name="testChangeUsername" time="142.987" classname="com.test.scripts.UpdateAccountTest"/>
  <testcase name="testLogout" time="93.812" classname="com.test.scripts.UpdateAccountTest"/>
</testsuite> <!-- UpdateAccountTest -->
