<?xml version="1.0" encoding="UTF-8"?>
<!-- Generated by org.testng.reporters.JUnitXMLReporter -->
<testsuite hostname="RaghuKirans-MacBook-Pro.local" name="JoinSulekha" tests="15" failures="0" timestamp="12 Jul 2016 11:02:13 GMT" time="1624.303" errors="0">
  <testcase name="testWithoutMobileNum" time="24.204" classname="com.test.scripts.JoinSulekha"/>
  <testcase name="testInvalidMobileNum" time="31.236" classname="com.test.scripts.JoinSulekha"/>
  <testcase name="testValidMobileNum" time="33.55" classname="com.test.scripts.JoinSulekha"/>
  <testcase name="testReceivedOTP" time="46.169" classname="com.test.scripts.JoinSulekha"/>
  <testcase name="testOTPTimeLimit" time="150.56" classname="com.test.scripts.JoinSulekha"/>
  <testcase name="testResendCode" time="159.428" classname="com.test.scripts.JoinSulekha"/>
  <testcase name="testOtpReceivedSms" time="170.363" classname="com.test.scripts.JoinSulekha"/>
  <testcase name="testWOVerificationCode" time="45.066" classname="com.test.scripts.JoinSulekha"/>
  <testcase name="testInvalidOtp" time="42.792" classname="com.test.scripts.JoinSulekha"/>
  <testcase name="test6DigitVerificationCode" time="47.65" classname="com.test.scripts.JoinSulekha"/>
  <testcase name="testTermsCondition" time="23.628" classname="com.test.scripts.JoinSulekha"/>
  <testcase name="testEditIcon" time="41.373" classname="com.test.scripts.JoinSulekha"/>
  <testcase name="testTnCBackIcn" time="37.748" classname="com.test.scripts.JoinSulekha"/>
  <testcase name="testSkipLnk" time="25.278" classname="com.test.scripts.JoinSulekha"/>
  <testcase name="testLoginLnk" time="23.872" classname="com.test.scripts.JoinSulekha"/>
</testsuite> <!-- JoinSulekha -->
