<?xml version="1.0" encoding="UTF-8"?>
<!-- Generated by org.testng.reporters.JUnitXMLReporter -->
<testsuite hostname="RaghuKirans-MacBook-Pro.local" name="MyNeedsDashboard" tests="22" failures="0" timestamp="12 Jul 2016 12:39:04 GMT" time="0.072" errors="0">
  <testcase name="@BeforeClass setUp" time="0.0" classname="com.test.scripts.MyNeedsDashboard">
    <failure type="org.openqa.selenium.remote.UnreachableBrowserException" message="Could not start a new session. Possible causes are invalid address of the remote server or browser start-up failure.
Build info: version: &amp;apos;2.53.0&amp;apos;, revision: &amp;apos;35ae25b1534ae328c771e0856c93e187490ca824&amp;apos;, time: &amp;apos;2016-03-15 10:43:46&amp;apos;
System info: host: &amp;apos;RaghuKirans-MacBook-Pro.local&amp;apos;, ip: &amp;apos;10.10.5.169&amp;apos;, os.name: &amp;apos;Mac OS X&amp;apos;, os.arch: &amp;apos;x86_64&amp;apos;, os.version: &amp;apos;10.11.5&amp;apos;, java.version: &amp;apos;1.8.0_91&amp;apos;
Driver info: driver.version: IOSDriver">
      <![CDATA[org.openqa.selenium.remote.UnreachableBrowserException: Could not start a new session. Possible causes are invalid address of the remote server or browser start-up failure.
Build info: version: '2.53.0', revision: '35ae25b1534ae328c771e0856c93e187490ca824', time: '2016-03-15 10:43:46'
System info: host: 'RaghuKirans-MacBook-Pro.local', ip: '10.10.5.169', os.name: 'Mac OS X', os.arch: 'x86_64', os.version: '10.11.5', java.version: '1.8.0_91'
Driver info: driver.version: IOSDriver
	at org.openqa.selenium.remote.RemoteWebDriver.execute(RemoteWebDriver.java:665)
	at io.appium.java_client.DefaultGenericMobileDriver.execute(DefaultGenericMobileDriver.java:51)
	at io.appium.java_client.AppiumDriver.execute(AppiumDriver.java:1)
	at io.appium.java_client.ios.IOSDriver.execute(IOSDriver.java:1)
	at org.openqa.selenium.remote.RemoteWebDriver.startSession(RemoteWebDriver.java:249)
	at org.openqa.selenium.remote.RemoteWebDriver.<init>(RemoteWebDriver.java:131)
	at org.openqa.selenium.remote.RemoteWebDriver.<init>(RemoteWebDriver.java:144)
	at io.appium.java_client.DefaultGenericMobileDriver.<init>(DefaultGenericMobileDriver.java:47)
	at io.appium.java_client.AppiumDriver.<init>(AppiumDriver.java:114)
	at io.appium.java_client.AppiumDriver.<init>(AppiumDriver.java:132)
	at io.appium.java_client.ios.IOSDriver.<init>(IOSDriver.java:81)
	at com.test.baselib.SampleBaseLib.setUp(SampleBaseLib.java:52)
Caused by: org.openqa.selenium.WebDriverException: org.apache.http.conn.HttpHostConnectException: Connect to 0.0.0.0:4723 [/0.0.0.0] failed: Connection refused
Build info: version: '2.53.0', revision: '35ae25b1534ae328c771e0856c93e187490ca824', time: '2016-03-15 10:43:46'
System info: host: 'RaghuKirans-MacBook-Pro.local', ip: '10.10.5.169', os.name: 'Mac OS X', os.arch: 'x86_64', os.version: '10.11.5', java.version: '1.8.0_91'
Driver info: driver.version: IOSDriver
	at io.appium.java_client.remote.AppiumCommandExecutor.execute(AppiumCommandExecutor.java:84)
	at org.openqa.selenium.remote.RemoteWebDriver.execute(RemoteWebDriver.java:644)
	... 38 more
Caused by: org.apache.http.conn.HttpHostConnectException: Connect to 0.0.0.0:4723 [/0.0.0.0] failed: Connection refused
	at org.apache.http.impl.conn.DefaultHttpClientConnectionOperator.connect(DefaultHttpClientConnectionOperator.java:158)
	at org.apache.http.impl.conn.PoolingHttpClientConnectionManager.connect(PoolingHttpClientConnectionManager.java:353)
	at org.apache.http.impl.execchain.MainClientExec.establishRoute(MainClientExec.java:380)
	at org.apache.http.impl.execchain.MainClientExec.execute(MainClientExec.java:236)
	at org.apache.http.impl.execchain.ProtocolExec.execute(ProtocolExec.java:184)
	at org.apache.http.impl.execchain.RetryExec.execute(RetryExec.java:88)
	at org.apache.http.impl.execchain.RedirectExec.execute(RedirectExec.java:110)
	at org.apache.http.impl.client.InternalHttpClient.doExecute(InternalHttpClient.java:184)
	at org.apache.http.impl.client.CloseableHttpClient.execute(CloseableHttpClient.java:71)
	at org.apache.http.impl.client.CloseableHttpClient.execute(CloseableHttpClient.java:55)
	at org.openqa.selenium.remote.internal.ApacheHttpClient.fallBackExecute(ApacheHttpClient.java:144)
	at org.openqa.selenium.remote.internal.ApacheHttpClient.execute(ApacheHttpClient.java:90)
	at org.openqa.selenium.remote.HttpCommandExecutor.execute(HttpCommandExecutor.java:142)
	at io.appium.java_client.remote.AppiumCommandExecutor.execute(AppiumCommandExecutor.java:69)
	... 39 more
Caused by: java.net.ConnectException: Connection refused
	at java.net.PlainSocketImpl.socketConnect(Native Method)
	at java.net.AbstractPlainSocketImpl.doConnect(AbstractPlainSocketImpl.java:350)
	at java.net.AbstractPlainSocketImpl.connectToAddress(AbstractPlainSocketImpl.java:204)
	at java.net.AbstractPlainSocketImpl.connect(AbstractPlainSocketImpl.java:188)
	at java.net.SocksSocketImpl.connect(SocksSocketImpl.java:392)
	at java.net.Socket.connect(Socket.java:589)
	at org.apache.http.conn.socket.PlainConnectionSocketFactory.connectSocket(PlainConnectionSocketFactory.java:74)
	at org.apache.http.impl.conn.DefaultHttpClientConnectionOperator.connect(DefaultHttpClientConnectionOperator.java:141)
	... 52 more
... Removed 27 stack frames]]>
    </failure>
  </testcase> <!-- @BeforeClass setUp -->
  <testcase name="@BeforeClass login" time="0.0" classname="com.test.scripts.MyNeedsDashboard">
    <skipped/>
  </testcase> <!-- @BeforeClass login -->
  <testcase name="@BeforeMethod launchApp" time="0.0" classname="com.test.scripts.MyNeedsDashboard">
    <skipped/>
  </testcase> <!-- @BeforeMethod launchApp -->
  <testcase name="@AfterMethod closeApp" time="0.0" classname="com.test.scripts.MyNeedsDashboard">
    <skipped/>
  </testcase> <!-- @AfterMethod closeApp -->
  <testcase name="@BeforeMethod launchApp" time="0.0" classname="com.test.scripts.MyNeedsDashboard">
    <skipped/>
  </testcase> <!-- @BeforeMethod launchApp -->
  <testcase name="@AfterMethod closeApp" time="0.0" classname="com.test.scripts.MyNeedsDashboard">
    <skipped/>
  </testcase> <!-- @AfterMethod closeApp -->
  <testcase name="@BeforeMethod launchApp" time="0.0" classname="com.test.scripts.MyNeedsDashboard">
    <skipped/>
  </testcase> <!-- @BeforeMethod launchApp -->
  <testcase name="@AfterMethod closeApp" time="0.0" classname="com.test.scripts.MyNeedsDashboard">
    <skipped/>
  </testcase> <!-- @AfterMethod closeApp -->
  <testcase name="@BeforeMethod launchApp" time="0.0" classname="com.test.scripts.MyNeedsDashboard">
    <skipped/>
  </testcase> <!-- @BeforeMethod launchApp -->
  <testcase name="@AfterMethod closeApp" time="0.0" classname="com.test.scripts.MyNeedsDashboard">
    <skipped/>
  </testcase> <!-- @AfterMethod closeApp -->
  <testcase name="@BeforeMethod launchApp" time="0.0" classname="com.test.scripts.MyNeedsDashboard">
    <skipped/>
  </testcase> <!-- @BeforeMethod launchApp -->
  <testcase name="@AfterMethod closeApp" time="0.0" classname="com.test.scripts.MyNeedsDashboard">
    <skipped/>
  </testcase> <!-- @AfterMethod closeApp -->
  <testcase name="@BeforeMethod launchApp" time="0.0" classname="com.test.scripts.MyNeedsDashboard">
    <skipped/>
  </testcase> <!-- @BeforeMethod launchApp -->
  <testcase name="@AfterMethod closeApp" time="0.0" classname="com.test.scripts.MyNeedsDashboard">
    <skipped/>
  </testcase> <!-- @AfterMethod closeApp -->
  <testcase name="@BeforeMethod launchApp" time="0.0" classname="com.test.scripts.MyNeedsDashboard">
    <skipped/>
  </testcase> <!-- @BeforeMethod launchApp -->
  <testcase name="@AfterMethod closeApp" time="0.0" classname="com.test.scripts.MyNeedsDashboard">
    <skipped/>
  </testcase> <!-- @AfterMethod closeApp -->
  <testcase name="@BeforeMethod launchApp" time="0.0" classname="com.test.scripts.MyNeedsDashboard">
    <skipped/>
  </testcase> <!-- @BeforeMethod launchApp -->
  <testcase name="@AfterMethod closeApp" time="0.0" classname="com.test.scripts.MyNeedsDashboard">
    <skipped/>
  </testcase> <!-- @AfterMethod closeApp -->
  <testcase name="@BeforeMethod launchApp" time="0.0" classname="com.test.scripts.MyNeedsDashboard">
    <skipped/>
  </testcase> <!-- @BeforeMethod launchApp -->
  <testcase name="@AfterMethod closeApp" time="0.0" classname="com.test.scripts.MyNeedsDashboard">
    <skipped/>
  </testcase> <!-- @AfterMethod closeApp -->
  <testcase name="@BeforeMethod launchApp" time="0.0" classname="com.test.scripts.MyNeedsDashboard">
    <skipped/>
  </testcase> <!-- @BeforeMethod launchApp -->
  <testcase name="@AfterMethod closeApp" time="0.0" classname="com.test.scripts.MyNeedsDashboard">
    <skipped/>
  </testcase> <!-- @AfterMethod closeApp -->
  <testcase name="@BeforeMethod launchApp" time="0.0" classname="com.test.scripts.MyNeedsDashboard">
    <skipped/>
  </testcase> <!-- @BeforeMethod launchApp -->
  <testcase name="@AfterMethod closeApp" time="0.0" classname="com.test.scripts.MyNeedsDashboard">
    <skipped/>
  </testcase> <!-- @AfterMethod closeApp -->
  <testcase name="@BeforeMethod launchApp" time="0.0" classname="com.test.scripts.MyNeedsDashboard">
    <skipped/>
  </testcase> <!-- @BeforeMethod launchApp -->
  <testcase name="@AfterMethod closeApp" time="0.0" classname="com.test.scripts.MyNeedsDashboard">
    <skipped/>
  </testcase> <!-- @AfterMethod closeApp -->
  <testcase name="@BeforeMethod launchApp" time="0.0" classname="com.test.scripts.MyNeedsDashboard">
    <skipped/>
  </testcase> <!-- @BeforeMethod launchApp -->
  <testcase name="@AfterMethod closeApp" time="0.0" classname="com.test.scripts.MyNeedsDashboard">
    <skipped/>
  </testcase> <!-- @AfterMethod closeApp -->
  <testcase name="@BeforeMethod launchApp" time="0.0" classname="com.test.scripts.MyNeedsDashboard">
    <skipped/>
  </testcase> <!-- @BeforeMethod launchApp -->
  <testcase name="@AfterMethod closeApp" time="0.0" classname="com.test.scripts.MyNeedsDashboard">
    <skipped/>
  </testcase> <!-- @AfterMethod closeApp -->
  <testcase name="@BeforeMethod launchApp" time="0.0" classname="com.test.scripts.MyNeedsDashboard">
    <skipped/>
  </testcase> <!-- @BeforeMethod launchApp -->
  <testcase name="@AfterMethod closeApp" time="0.0" classname="com.test.scripts.MyNeedsDashboard">
    <skipped/>
  </testcase> <!-- @AfterMethod closeApp -->
  <testcase name="@BeforeMethod launchApp" time="0.0" classname="com.test.scripts.MyNeedsDashboard">
    <skipped/>
  </testcase> <!-- @BeforeMethod launchApp -->
  <testcase name="@AfterMethod closeApp" time="0.0" classname="com.test.scripts.MyNeedsDashboard">
    <skipped/>
  </testcase> <!-- @AfterMethod closeApp -->
  <testcase name="@BeforeMethod launchApp" time="0.0" classname="com.test.scripts.MyNeedsDashboard">
    <skipped/>
  </testcase> <!-- @BeforeMethod launchApp -->
  <testcase name="@AfterMethod closeApp" time="0.0" classname="com.test.scripts.MyNeedsDashboard">
    <skipped/>
  </testcase> <!-- @AfterMethod closeApp -->
  <testcase name="@BeforeMethod launchApp" time="0.0" classname="com.test.scripts.MyNeedsDashboard">
    <skipped/>
  </testcase> <!-- @BeforeMethod launchApp -->
  <testcase name="@AfterMethod closeApp" time="0.0" classname="com.test.scripts.MyNeedsDashboard">
    <skipped/>
  </testcase> <!-- @AfterMethod closeApp -->
  <testcase name="@BeforeMethod launchApp" time="0.0" classname="com.test.scripts.MyNeedsDashboard">
    <skipped/>
  </testcase> <!-- @BeforeMethod launchApp -->
  <testcase name="@AfterMethod closeApp" time="0.0" classname="com.test.scripts.MyNeedsDashboard">
    <skipped/>
  </testcase> <!-- @AfterMethod closeApp -->
  <testcase name="@BeforeMethod launchApp" time="0.0" classname="com.test.scripts.MyNeedsDashboard">
    <skipped/>
  </testcase> <!-- @BeforeMethod launchApp -->
  <testcase name="@AfterMethod closeApp" time="0.0" classname="com.test.scripts.MyNeedsDashboard">
    <skipped/>
  </testcase> <!-- @AfterMethod closeApp -->
  <testcase name="@BeforeMethod launchApp" time="0.0" classname="com.test.scripts.MyNeedsDashboard">
    <skipped/>
  </testcase> <!-- @BeforeMethod launchApp -->
  <testcase name="@AfterMethod closeApp" time="0.0" classname="com.test.scripts.MyNeedsDashboard">
    <skipped/>
  </testcase> <!-- @AfterMethod closeApp -->
  <testcase name="@BeforeMethod launchApp" time="0.0" classname="com.test.scripts.MyNeedsDashboard">
    <skipped/>
  </testcase> <!-- @BeforeMethod launchApp -->
  <testcase name="@AfterMethod closeApp" time="0.0" classname="com.test.scripts.MyNeedsDashboard">
    <skipped/>
  </testcase> <!-- @AfterMethod closeApp -->
  <testcase name="@AfterClass tearDown" time="0.0" classname="com.test.scripts.MyNeedsDashboard">
    <skipped/>
  </testcase> <!-- @AfterClass tearDown -->
  <testcase name="testCheckStatus" time="0.003" classname="com.test.scripts.MyNeedsDashboard">
    <skipped/>
  </testcase> <!-- testCheckStatus -->
  <testcase name="testNotificationTriggered" time="0.002" classname="com.test.scripts.MyNeedsDashboard">
    <skipped/>
  </testcase> <!-- testNotificationTriggered -->
  <testcase name="testAutomaticRefesh" time="0.002" classname="com.test.scripts.MyNeedsDashboard">
    <skipped/>
  </testcase> <!-- testAutomaticRefesh -->
  <testcase name="testDateOfPostedNeed" time="0.001" classname="com.test.scripts.MyNeedsDashboard">
    <skipped/>
  </testcase> <!-- testDateOfPostedNeed -->
  <testcase name="testNeedDashboard" time="0.002" classname="com.test.scripts.MyNeedsDashboard">
    <skipped/>
  </testcase> <!-- testNeedDashboard -->
  <testcase name="testCheckResponsesPage" time="0.001" classname="com.test.scripts.MyNeedsDashboard">
    <skipped/>
  </testcase> <!-- testCheckResponsesPage -->
  <testcase name="testCallIcon" time="0.002" classname="com.test.scripts.MyNeedsDashboard">
    <skipped/>
  </testcase> <!-- testCallIcon -->
  <testcase name="testScore" time="0.01" classname="com.test.scripts.MyNeedsDashboard">
    <skipped/>
  </testcase> <!-- testScore -->
  <testcase name="testSummaryTab" time="0.002" classname="com.test.scripts.MyNeedsDashboard">
    <skipped/>
  </testcase> <!-- testSummaryTab -->
  <testcase name="testReview" time="0.002" classname="com.test.scripts.MyNeedsDashboard">
    <skipped/>
  </testcase> <!-- testReview -->
  <testcase name="testReviewNoAlertPopup" time="0.002" classname="com.test.scripts.MyNeedsDashboard">
    <skipped/>
  </testcase> <!-- testReviewNoAlertPopup -->
  <testcase name="testReviewYesAlertPopup" time="0.002" classname="com.test.scripts.MyNeedsDashboard">
    <skipped/>
  </testcase> <!-- testReviewYesAlertPopup -->
  <testcase name="testWriteReviewLink" time="0.001" classname="com.test.scripts.MyNeedsDashboard">
    <skipped/>
  </testcase> <!-- testWriteReviewLink -->
  <testcase name="testReviewRate" time="0.001" classname="com.test.scripts.MyNeedsDashboard">
    <skipped/>
  </testcase> <!-- testReviewRate -->
  <testcase name="testNotFinalized" time="0.002" classname="com.test.scripts.MyNeedsDashboard">
    <skipped/>
  </testcase> <!-- testNotFinalized -->
  <testcase name="testDintReceivedCall" time="0.001" classname="com.test.scripts.MyNeedsDashboard">
    <skipped/>
  </testcase> <!-- testDintReceivedCall -->
  <testcase name="testDismissPopup" time="0.001" classname="com.test.scripts.MyNeedsDashboard">
    <skipped/>
  </testcase> <!-- testDismissPopup -->
  <testcase name="testSelectNotHappyQuote" time="0.002" classname="com.test.scripts.MyNeedsDashboard">
    <skipped/>
  </testcase> <!-- testSelectNotHappyQuote -->
  <testcase name="testComments" time="0.002" classname="com.test.scripts.MyNeedsDashboard">
    <skipped/>
  </testcase> <!-- testComments -->
  <testcase name="testCancelPopup" time="0.002" classname="com.test.scripts.MyNeedsDashboard">
    <skipped/>
  </testcase> <!-- testCancelPopup -->
  <testcase name="testVerifyCancelled" time="0.001" classname="com.test.scripts.MyNeedsDashboard">
    <skipped/>
  </testcase> <!-- testVerifyCancelled -->
  <testcase name="testShortList" time="0.002" classname="com.test.scripts.MyNeedsDashboard">
    <skipped/>
  </testcase> <!-- testShortList -->
</testsuite> <!-- MyNeedsDashboard -->
