<?xml version="1.0" encoding="UTF-8"?>
<testsuite xmlns:xsi="http://www.w3.org/2001/XMLSchema-instance" xsi:schemaLocation="https://maven.apache.org/surefire/maven-surefire-plugin/xsd/surefire-test-report.xsd" name="TestSuite" time="453.172" tests="51" errors="0" skipped="48" failures="2">
  <properties>
[...]
</properties>
  <testcase name="testBusinessProfilePage" classname="com.test.scripts.BusinessProfile" time="330.593"/>
  <testcase name="testCallIcon" classname="com.test.scripts.BusinessProfile" time="4.166">
    <failure message="Error communicating with the remote browser. It may have died.&#10;Build info: version: &apos;2.53.0&apos;, revision: &apos;35ae25b1534ae328c771e0856c93e187490ca824&apos;, time: &apos;2016-03-15 10:43:46&apos;&#10;System info: host: &apos;Prasannas-MacBook-Pro.local&apos;, ip: &apos;10.10.4.140&apos;, os.name: &apos;Mac OS X&apos;, os.arch: &apos;x86_64&apos;, os.version: &apos;10.11.4&apos;, java.version: &apos;1.8.0_65&apos;&#10;Driver info: driver.version: IOSDriver&#10;Capabilities [{unicodekeyboard=true, app=/Users/automation/Downloads/IndiaSulekha6.3.2.ipa, networkConnectionEnabled=false, bundleId=com.appid.sulekhauserapp, databaseEnabled=false, deviceName=iPhone 4s, fullReset=true, platform=MAC, showIOSLog=true, desired={unicodekeyboard=true, app=/Users/automation/Downloads/IndiaSulekha6.3.2.ipa, showIOSLog=true, platformVersion=9.3.2, automationName=Appium, bundleId=com.appid.sulekhauserapp, platformName=iOS, udid=bc7dfd69e9a704d0f8536bcd88204c345ced5f77, deviceName=iPhone 4s, fullReset=true}, platformVersion=9.3.2, webStorageEnabled=false, locationContextEnabled=false, automationName=Appium, browserName=, takesScreenshot=true, javascriptEnabled=true, platformName=iOS, udid=bc7dfd69e9a704d0f8536bcd88204c345ced5f77}]&#10;Session ID: e1459993-c8ea-48e8-b419-67b84a569aa1" type="org.openqa.selenium.remote.UnreachableBrowserException">org.openqa.selenium.remote.UnreachableBrowserException: 
Error communicating with the remote browser. It may have died.
Build info: version: '2.53.0', revision: '35ae25b1534ae328c771e0856c93e187490ca824', time: '2016-03-15 10:43:46'
System info: host: 'Prasannas-MacBook-Pro.local', ip: '10.10.4.140', os.name: 'Mac OS X', os.arch: 'x86_64', os.version: '10.11.4', java.version: '1.8.0_65'
Driver info: driver.version: IOSDriver
Capabilities [{unicodekeyboard=true, app=/Users/automation/Downloads/IndiaSulekha6.3.2.ipa, networkConnectionEnabled=false, bundleId=com.appid.sulekhauserapp, databaseEnabled=false, deviceName=iPhone 4s, fullReset=true, platform=MAC, showIOSLog=true, desired={unicodekeyboard=true, app=/Users/automation/Downloads/IndiaSulekha6.3.2.ipa, showIOSLog=true, platformVersion=9.3.2, automationName=Appium, bundleId=com.appid.sulekhauserapp, platformName=iOS, udid=bc7dfd69e9a704d0f8536bcd88204c345ced5f77, deviceName=iPhone 4s, fullReset=true}, platformVersion=9.3.2, webStorageEnabled=false, locationContextEnabled=false, automationName=Appium, browserName=, takesScreenshot=true, javascriptEnabled=true, platformName=iOS, udid=bc7dfd69e9a704d0f8536bcd88204c345ced5f77}]
Session ID: e1459993-c8ea-48e8-b419-67b84a569aa1
	at com.test.scripts.BusinessProfile.testCallIcon(BusinessProfile.java:161)
Caused by: org.openqa.selenium.WebDriverException: 
org.apache.http.conn.HttpHostConnectException: Connect to 0.0.0.0:4723 [/0.0.0.0] failed: Connection refused
Build info: version: '2.53.0', revision: '35ae25b1534ae328c771e0856c93e187490ca824', time: '2016-03-15 10:43:46'
System info: host: 'Prasannas-MacBook-Pro.local', ip: '10.10.4.140', os.name: 'Mac OS X', os.arch: 'x86_64', os.version: '10.11.4', java.version: '1.8.0_65'
Driver info: driver.version: IOSDriver
	at com.test.scripts.BusinessProfile.testCallIcon(BusinessProfile.java:161)
Caused by: org.apache.http.conn.HttpHostConnectException: Connect to 0.0.0.0:4723 [/0.0.0.0] failed: Connection refused
	at com.test.scripts.BusinessProfile.testCallIcon(BusinessProfile.java:161)
Caused by: java.net.ConnectException: Connection refused
	at com.test.scripts.BusinessProfile.testCallIcon(BusinessProfile.java:161)
</failure>
  </testcase>
  <testcase name="tearDown" classname="com.test.scripts.BusinessProfile" time="4.169">
    <failure message="Error communicating with the remote browser. It may have died.&#10;Build info: version: &apos;2.53.0&apos;, revision: &apos;35ae25b1534ae328c771e0856c93e187490ca824&apos;, time: &apos;2016-03-15 10:43:46&apos;&#10;System info: host: &apos;Prasannas-MacBook-Pro.local&apos;, ip: &apos;10.10.4.140&apos;, os.name: &apos;Mac OS X&apos;, os.arch: &apos;x86_64&apos;, os.version: &apos;10.11.4&apos;, java.version: &apos;1.8.0_65&apos;&#10;Driver info: driver.version: RemoteWebDriver&#10;Capabilities [{unicodekeyboard=true, app=/Users/automation/Downloads/IndiaSulekha6.3.2.ipa, networkConnectionEnabled=false, bundleId=com.appid.sulekhauserapp, databaseEnabled=false, deviceName=iPhone 4s, fullReset=true, platform=MAC, showIOSLog=true, desired={unicodekeyboard=true, app=/Users/automation/Downloads/IndiaSulekha6.3.2.ipa, showIOSLog=true, platformVersion=9.3.2, automationName=Appium, bundleId=com.appid.sulekhauserapp, platformName=iOS, udid=bc7dfd69e9a704d0f8536bcd88204c345ced5f77, deviceName=iPhone 4s, fullReset=true}, platformVersion=9.3.2, webStorageEnabled=false, locationContextEnabled=false, automationName=Appium, browserName=, takesScreenshot=true, javascriptEnabled=true, platformName=iOS, udid=bc7dfd69e9a704d0f8536bcd88204c345ced5f77}]&#10;Session ID: e1459993-c8ea-48e8-b419-67b84a569aa1" type="org.openqa.selenium.remote.UnreachableBrowserException">org.openqa.selenium.remote.UnreachableBrowserException: 
Error communicating with the remote browser. It may have died.
Build info: version: '2.53.0', revision: '35ae25b1534ae328c771e0856c93e187490ca824', time: '2016-03-15 10:43:46'
System info: host: 'Prasannas-MacBook-Pro.local', ip: '10.10.4.140', os.name: 'Mac OS X', os.arch: 'x86_64', os.version: '10.11.4', java.version: '1.8.0_65'
Driver info: driver.version: RemoteWebDriver
Capabilities [{unicodekeyboard=true, app=/Users/automation/Downloads/IndiaSulekha6.3.2.ipa, networkConnectionEnabled=false, bundleId=com.appid.sulekhauserapp, databaseEnabled=false, deviceName=iPhone 4s, fullReset=true, platform=MAC, showIOSLog=true, desired={unicodekeyboard=true, app=/Users/automation/Downloads/IndiaSulekha6.3.2.ipa, showIOSLog=true, platformVersion=9.3.2, automationName=Appium, bundleId=com.appid.sulekhauserapp, platformName=iOS, udid=bc7dfd69e9a704d0f8536bcd88204c345ced5f77, deviceName=iPhone 4s, fullReset=true}, platformVersion=9.3.2, webStorageEnabled=false, locationContextEnabled=false, automationName=Appium, browserName=, takesScreenshot=true, javascriptEnabled=true, platformName=iOS, udid=bc7dfd69e9a704d0f8536bcd88204c345ced5f77}]
Session ID: e1459993-c8ea-48e8-b419-67b84a569aa1
Caused by: org.openqa.selenium.WebDriverException: 
org.apache.http.conn.HttpHostConnectException: Connect to 0.0.0.0:4723 [/0.0.0.0] failed: Connection refused
Build info: version: '2.53.0', revision: '35ae25b1534ae328c771e0856c93e187490ca824', time: '2016-03-15 10:43:46'
System info: host: 'Prasannas-MacBook-Pro.local', ip: '10.10.4.140', os.name: 'Mac OS X', os.arch: 'x86_64', os.version: '10.11.4', java.version: '1.8.0_65'
Driver info: driver.version: RemoteWebDriver
Caused by: org.apache.http.conn.HttpHostConnectException: Connect to 0.0.0.0:4723 [/0.0.0.0] failed: Connection refused
Caused by: java.net.ConnectException: Connection refused
</failure>
  </testcase>
  <testcase name="tearDown" classname="com.test.scripts.BusinessProfile" time="0">
    <skipped/>
  </testcase>
  <testcase name="tearDown" classname="com.test.scripts.BusinessProfile" time="0">
    <skipped/>
  </testcase>
  <testcase name="tearDown" classname="com.test.scripts.BusinessProfile" time="0">
    <skipped/>
  </testcase>
  <testcase name="tearDown" classname="com.test.scripts.BusinessProfile" time="0">
    <skipped/>
  </testcase>
  <testcase name="tearDown" classname="com.test.scripts.BusinessProfile" time="0">
    <skipped/>
  </testcase>
  <testcase name="tearDown" classname="com.test.scripts.BusinessProfile" time="0">
    <skipped/>
  </testcase>
  <testcase name="tearDown" classname="com.test.scripts.BusinessProfile" time="0">
    <skipped/>
  </testcase>
  <testcase name="tearDown" classname="com.test.scripts.BusinessProfile" time="0">
    <skipped/>
  </testcase>
  <testcase name="tearDown" classname="com.test.scripts.BusinessProfile" time="0">
    <skipped/>
  </testcase>
  <testcase name="tearDown" classname="com.test.scripts.BusinessProfile" time="0">
    <skipped/>
  </testcase>
  <testcase name="tearDown" classname="com.test.scripts.BusinessProfile" time="0">
    <skipped/>
  </testcase>
  <testcase name="tearDown" classname="com.test.scripts.BusinessProfile" time="0">
    <skipped/>
  </testcase>
  <testcase name="tearDown" classname="com.test.scripts.BusinessProfile" time="0">
    <skipped/>
  </testcase>
  <testcase name="tearDown" classname="com.test.scripts.BusinessProfile" time="0">
    <skipped/>
  </testcase>
  <testcase name="tearDown" classname="com.test.scripts.BusinessProfile" time="0">
    <skipped/>
  </testcase>
  <testcase name="tearDown" classname="com.test.scripts.BusinessProfile" time="0">
    <skipped/>
  </testcase>
  <testcase name="setUp" classname="com.test.scripts.BusinessProfile" time="0">
    <skipped/>
  </testcase>
  <testcase name="setUp" classname="com.test.scripts.BusinessProfile" time="0">
    <skipped/>
  </testcase>
  <testcase name="setUp" classname="com.test.scripts.BusinessProfile" time="0">
    <skipped/>
  </testcase>
  <testcase name="setUp" classname="com.test.scripts.BusinessProfile" time="0">
    <skipped/>
  </testcase>
  <testcase name="setUp" classname="com.test.scripts.BusinessProfile" time="0">
    <skipped/>
  </testcase>
  <testcase name="setUp" classname="com.test.scripts.BusinessProfile" time="0">
    <skipped/>
  </testcase>
  <testcase name="setUp" classname="com.test.scripts.BusinessProfile" time="0">
    <skipped/>
  </testcase>
  <testcase name="setUp" classname="com.test.scripts.BusinessProfile" time="0">
    <skipped/>
  </testcase>
  <testcase name="setUp" classname="com.test.scripts.BusinessProfile" time="0">
    <skipped/>
  </testcase>
  <testcase name="setUp" classname="com.test.scripts.BusinessProfile" time="0">
    <skipped/>
  </testcase>
  <testcase name="setUp" classname="com.test.scripts.BusinessProfile" time="0">
    <skipped/>
  </testcase>
  <testcase name="setUp" classname="com.test.scripts.BusinessProfile" time="0">
    <skipped/>
  </testcase>
  <testcase name="setUp" classname="com.test.scripts.BusinessProfile" time="0">
    <skipped/>
  </testcase>
  <testcase name="setUp" classname="com.test.scripts.BusinessProfile" time="0">
    <skipped/>
  </testcase>
  <testcase name="setUp" classname="com.test.scripts.BusinessProfile" time="0">
    <skipped/>
  </testcase>
  <testcase name="setUp" classname="com.test.scripts.BusinessProfile" time="0">
    <skipped/>
  </testcase>
  <testcase name="testSMSTap" classname="com.test.scripts.BusinessProfile" time="0">
    <skipped/>
  </testcase>
  <testcase name="testShortlistTap" classname="com.test.scripts.BusinessProfile" time="0">
    <skipped/>
  </testcase>
  <testcase name="testRemoveShortlistTap" classname="com.test.scripts.BusinessProfile" time="0">
    <skipped/>
  </testcase>
  <testcase name="testNotificationIcon" classname="com.test.scripts.BusinessProfile" time="0">
    <skipped/>
  </testcase>
  <testcase name="testWorkPhoneNumber" classname="com.test.scripts.BusinessProfile" time="0">
    <skipped/>
  </testcase>
  <testcase name="testAddressTap" classname="com.test.scripts.BusinessProfile" time="0">
    <skipped/>
  </testcase>
  <testcase name="testEmailIcon" classname="com.test.scripts.BusinessProfile" time="0">
    <skipped/>
  </testcase>
  <testcase name="testWebIcon" classname="com.test.scripts.BusinessProfile" time="0">
    <skipped/>
  </testcase>
  <testcase name="testServicesOffered" classname="com.test.scripts.BusinessProfile" time="0">
    <skipped/>
  </testcase>
  <testcase name="testBusinessWebsiteLnk" classname="com.test.scripts.BusinessProfile" time="0">
    <skipped/>
  </testcase>
  <testcase name="testAnyReview" classname="com.test.scripts.BusinessProfile" time="0">
    <skipped/>
  </testcase>
  <testcase name="testMoreReview" classname="com.test.scripts.BusinessProfile" time="0">
    <skipped/>
  </testcase>
  <testcase name="testWriteReview" classname="com.test.scripts.BusinessProfile" time="0">
    <skipped/>
  </testcase>
  <testcase name="testSubmitWORateReview" classname="com.test.scripts.BusinessProfile" time="0">
    <skipped/>
  </testcase>
  <testcase name="testRateReview" classname="com.test.scripts.BusinessProfile" time="0">
    <skipped/>
  </testcase>
  <testcase name="testSubmitReview" classname="com.test.scripts.BusinessProfile" time="0">
    <skipped/>
  </testcase>
</testsuite>